# JRE version: Java(TM) SE Runtime Environment (8.0_152-b16) (build 1.8.0_152-b16)
# Java VM: Java HotSpot(TM) 64-Bit Server VM (25.152-b16 mixed mode windows-amd64 compressed oops)
Heap:
 PSYoungGen      total 351232K, used 234095K [0x00000000d6000000, 0x00000000ee980000, 0x0000000100000000)
  eden space 334848K, 69% used [0x00000000d6000000,0x00000000e43a3d60,0x00000000ea700000)
  from space 16384K, 6% used [0x00000000eca00000,0x00000000ecaf8000,0x00000000eda00000)
  to   space 15872K, 0% used [0x00000000eda00000,0x00000000eda00000,0x00000000ee980000)
 ParOldGen       total 75776K, used 28845K [0x0000000082000000, 0x0000000086a00000, 0x00000000d6000000)
  object space 75776K, 38% used [0x0000000082000000,0x0000000083c2b618,0x0000000086a00000)
 Metaspace       used 45316K, capacity 47567K, committed 47744K, reserved 1091584K
  class space    used 6089K, capacity 6512K, committed 6528K, reserved 1048576K
GC Heap History (10 events):
Event: 7337.920 GC heap before
{Heap before GC invocations=15 (full 2):
 PSYoungGen      total 434688K, used 418560K [0x00000000d6000000, 0x00000000f2780000, 0x0000000100000000)
  eden space 417792K, 100% used [0x00000000d6000000,0x00000000ef800000,0x00000000ef800000)
  from space 16896K, 4% used [0x00000000f0880000,0x00000000f0940000,0x00000000f1900000)
  to   space 16896K, 0% used [0x00000000ef800000,0x00000000ef800000,0x00000000f0880000)
 ParOldGen       total 75776K, used 28805K [0x0000000082000000, 0x0000000086a00000, 0x00000000d6000000)
  object space 75776K, 38% used [0x0000000082000000,0x0000000083c21618,0x0000000086a00000)
 Metaspace       used 45208K, capacity 47485K, committed 47744K, reserved 1091584K
  class space    used 6070K, capacity 6509K, committed 6528K, reserved 1048576K
Event: 7337.991 GC heap after
Heap after GC invocations=15 (full 2):
 PSYoungGen      total 400384K, used 896K [0x00000000d6000000, 0x00000000f0900000, 0x0000000100000000)
  eden space 399360K, 0% used [0x00000000d6000000,0x00000000d6000000,0x00000000ee600000)
  from space 1024K, 87% used [0x00000000ef800000,0x00000000ef8e0000,0x00000000ef900000)
  to   space 16384K, 0% used [0x00000000ef900000,0x00000000ef900000,0x00000000f0900000)
 ParOldGen       total 75776K, used 28813K [0x0000000082000000, 0x0000000086a00000, 0x00000000d6000000)
  object space 75776K, 38% used [0x0000000082000000,0x0000000083c23618,0x0000000086a00000)
 Metaspace       used 45208K, capacity 47485K, committed 47744K, reserved 1091584K
  class space    used 6070K, capacity 6509K, committed 6528K, reserved 1048576K
}
Event: 11102.753 GC heap before
{Heap before GC invocations=16 (full 2):
 PSYoungGen      total 400384K, used 400256K [0x00000000d6000000, 0x00000000f0900000, 0x0000000100000000)
  eden space 399360K, 100% used [0x00000000d6000000,0x00000000ee600000,0x00000000ee600000)
  from space 1024K, 87% used [0x00000000ef800000,0x00000000ef8e0000,0x00000000ef900000)
  to   space 16384K, 0% used [0x00000000ef900000,0x00000000ef900000,0x00000000f0900000)
 ParOldGen       total 75776K, used 28813K [0x0000000082000000, 0x0000000086a00000, 0x00000000d6000000)
  object space 75776K, 38% used [0x0000000082000000,0x0000000083c23618,0x0000000086a00000)
 Metaspace       used 45208K, capacity 47485K, committed 47744K, reserved 1091584K
  class space    used 6070K, capacity 6509K, committed 6528K, reserved 1048576K
Event: 11102.863 GC heap after
Heap after GC invocations=16 (full 2):
 PSYoungGen      total 382976K, used 960K [0x00000000d6000000, 0x00000000efa00000, 0x0000000100000000)
  eden space 381952K, 0% used [0x00000000d6000000,0x00000000d6000000,0x00000000ed500000)
  from space 1024K, 93% used [0x00000000ef900000,0x00000000ef9f0000,0x00000000efa00000)
  to   space 16896K, 0% used [0x00000000ed900000,0x00000000ed900000,0x00000000ee980000)
 ParOldGen       total 75776K, used 28821K [0x0000000082000000, 0x0000000086a00000, 0x00000000d6000000)
  object space 75776K, 38% used [0x0000000082000000,0x0000000083c25618,0x0000000086a00000)
 Metaspace       used 45208K, capacity 47485K, committed 47744K, reserved 1091584K
  class space    used 6070K, capacity 6509K, committed 6528K, reserved 1048576K
}
Event: 20490.409 GC heap before
{Heap before GC invocations=17 (full 2):
 PSYoungGen      total 382976K, used 382912K [0x00000000d6000000, 0x00000000efa00000, 0x0000000100000000)
  eden space 381952K, 100% used [0x00000000d6000000,0x00000000ed500000,0x00000000ed500000)
  from space 1024K, 93% used [0x00000000ef900000,0x00000000ef9f0000,0x00000000efa00000)
  to   space 16896K, 0% used [0x00000000ed900000,0x00000000ed900000,0x00000000ee980000)
 ParOldGen       total 75776K, used 28821K [0x0000000082000000, 0x0000000086a00000, 0x00000000d6000000)
  object space 75776K, 38% used [0x0000000082000000,0x0000000083c25618,0x0000000086a00000)
 Metaspace       used 45208K, capacity 47485K, committed 47744K, reserved 1091584K
  class space    used 6070K, capacity 6509K, committed 6528K, reserved 1048576K
Event: 20490.530 GC heap after
Heap after GC invocations=17 (full 2):
 PSYoungGen      total 366592K, used 992K [0x00000000d6000000, 0x00000000ef980000, 0x0000000100000000)
  eden space 365568K, 0% used [0x00000000d6000000,0x00000000d6000000,0x00000000ec500000)
  from space 1024K, 96% used [0x00000000ed900000,0x00000000ed9f8000,0x00000000eda00000)
  to   space 16896K, 0% used [0x00000000ee900000,0x00000000ee900000,0x00000000ef980000)
 ParOldGen       total 75776K, used 28829K [0x0000000082000000, 0x0000000086a00000, 0x00000000d6000000)
  object space 75776K, 38% used [0x0000000082000000,0x0000000083c27618,0x0000000086a00000)
 Metaspace       used 45208K, capacity 47485K, committed 47744K, reserved 1091584K
  class space    used 6070K, capacity 6509K, committed 6528K, reserved 1048576K
}
Event: 24525.757 GC heap before
{Heap before GC invocations=18 (full 2):
 PSYoungGen      total 366592K, used 366560K [0x00000000d6000000, 0x00000000ef980000, 0x0000000100000000)
  eden space 365568K, 100% used [0x00000000d6000000,0x00000000ec500000,0x00000000ec500000)
  from space 1024K, 96% used [0x00000000ed900000,0x00000000ed9f8000,0x00000000eda00000)
  to   space 16896K, 0% used [0x00000000ee900000,0x00000000ee900000,0x00000000ef980000)
 ParOldGen       total 75776K, used 28829K [0x0000000082000000, 0x0000000086a00000, 0x00000000d6000000)
  object space 75776K, 38% used [0x0000000082000000,0x0000000083c27618,0x0000000086a00000)
 Metaspace       used 45209K, capacity 47485K, committed 47744K, reserved 1091584K
  class space    used 6071K, capacity 6509K, committed 6528K, reserved 1048576K
Event: 24525.840 GC heap after
Heap after GC invocations=18 (full 2):
 PSYoungGen      total 350720K, used 1024K [0x00000000d6000000, 0x00000000eea00000, 0x0000000100000000)
  eden space 349696K, 0% used [0x00000000d6000000,0x00000000d6000000,0x00000000eb580000)
  from space 1024K, 100% used [0x00000000ee900000,0x00000000eea00000,0x00000000eea00000)
  to   space 16384K, 0% used [0x00000000eca00000,0x00000000eca00000,0x00000000eda00000)
 ParOldGen       total 75776K, used 28837K [0x0000000082000000, 0x0000000086a00000, 0x00000000d6000000)
  object space 75776K, 38% used [0x0000000082000000,0x0000000083c29618,0x0000000086a00000)
 Metaspace       used 45209K, capacity 47485K, committed 47744K, reserved 1091584K
  class space    used 6071K, capacity 6509K, committed 6528K, reserved 1048576K
}
Event: 28540.547 GC heap before
{Heap before GC invocations=19 (full 2):
 PSYoungGen      total 350720K, used 350720K [0x00000000d6000000, 0x00000000eea00000, 0x0000000100000000)
  eden space 349696K, 100% used [0x00000000d6000000,0x00000000eb580000,0x00000000eb580000)
  from space 1024K, 100% used [0x00000000ee900000,0x00000000eea00000,0x00000000eea00000)
  to   space 16384K, 0% used [0x00000000eca00000,0x00000000eca00000,0x00000000eda00000)
 ParOldGen       total 75776K, used 28837K [0x0000000082000000, 0x0000000086a00000, 0x00000000d6000000)
  object space 75776K, 38% used [0x0000000082000000,0x0000000083c29618,0x0000000086a00000)
 Metaspace       used 45209K, capacity 47485K, committed 47744K, reserved 1091584K
  class space    used 6071K, capacity 6509K, committed 6528K, reserved 1048576K
Event: 28540.633 GC heap after
Heap after GC invocations=19 (full 2):
 PSYoungGen      total 351232K, used 992K [0x00000000d6000000, 0x00000000ee980000, 0x0000000100000000)
  eden space 334848K, 0% used [0x00000000d6000000,0x00000000d6000000,0x00000000ea700000)
  from space 16384K, 6% used [0x00000000eca00000,0x00000000ecaf8000,0x00000000eda00000)
  to   space 15872K, 0% used [0x00000000eda00000,0x00000000eda00000,0x00000000ee980000)
 ParOldGen       total 75776K, used 28845K [0x0000000082000000, 0x0000000086a00000, 0x00000000d6000000)
  object space 75776K, 38% used [0x0000000082000000,0x0000000083c2b618,0x0000000086a00000)
 Metaspace       used 45209K, capacity 47485K, committed 47744K, reserved 1091584K
  class space    used 6071K, capacity 6509K, committed 6528K, reserved 1048576K
}

